==1237376== Helgrind, a thread error detector
==1237376== Copyright (C) 2007-2017, and GNU GPL'd, by OpenWorks LLP et al.
==1237376== Using Valgrind-3.18.1 and LibVEX; rerun with -h for copyright info
==1237376== Command: ./philo 4 410 200 200 10
==1237376== 
6 1 has taken a fork
9 1 has taken a fork
10 1 is eating
12 3 has taken a fork
12 3 has taken a fork
12 3 is eating
212 1 is sleeping
212 4 has taken a fork
214 3 is sleeping
214 2 has taken a fork
214 2 has taken a fork
214 2 is eating
214 4 has taken a fork
214 4 is eating
413 1 is thinking
414 3 is thinking
415 4 is sleeping
415 1 has taken a fork
416 2 is sleeping
417 3 has taken a fork
417 3 has taken a fork
417 3 is eating
417 1 has taken a fork
417 1 is eating
617 4 is thinking
618 2 is thinking
618 3 is sleeping
619 2 has taken a fork
619 1 is sleeping
619 4 has taken a fork
619 4 has taken a fork
619 4 is eating
619 2 has taken a fork
619 2 is eating
820 3 is thinking
821 4 is sleeping
821 1 is thinking
821 2 is sleeping
821 1 has taken a fork
821 1 has taken a fork
821 1 is eating
821 3 has taken a fork
822 3 has taken a fork
822 3 is eating
1022 4 is thinking
1023 2 is thinking
1023 1 is sleeping
1023 4 has taken a fork
1024 3 is sleeping
1024 2 has taken a fork
1024 2 has taken a fork
1024 2 is eating
1024 4 has taken a fork
1024 4 is eating
1225 1 is thinking
1226 3 is thinking
1226 2 is sleeping
1226 3 has taken a fork
1226 4 is sleeping
1226 3 has taken a fork
1227 3 is eating
1227 1 has taken a fork
1227 1 has taken a fork
1227 1 is eating
1426 2 is thinking
1427 4 is thinking
1427 3 is sleeping
1427 2 has taken a fork
1427 1 is sleeping
1428 4 has taken a fork
1428 4 has taken a fork
1428 4 is eating
1428 2 has taken a fork
1428 2 is eating
1628 3 is thinking
1629 1 is thinking
1629 4 is sleeping
1629 1 has taken a fork
1630 1 has taken a fork
1630 1 is eating
1630 2 is sleeping
1630 3 has taken a fork
1630 3 has taken a fork
1630 3 is eating
1831 4 is thinking
1831 4 has taken a fork
1831 1 is sleeping
1832 3 is sleeping
1832 4 has taken a fork
1832 4 is eating
1832 2 is thinking
1832 2 has taken a fork
1832 2 has taken a fork
1832 2 is eating
2033 1 is thinking
2033 3 is thinking
2034 4 is sleeping
2034 2 is sleeping
2034 3 has taken a fork
2034 3 has taken a fork
2034 3 is eating
2035 1 has taken a fork
2035 1 has taken a fork
2035 1 is eating
2235 4 is thinking
2236 1 is sleeping
2236 4 has taken a fork
2237 2 is thinking
2237 2 has taken a fork
2237 2 has taken a fork
2237 2 is eating
2237 3 is sleeping
2238 4 has taken a fork
2238 4 is eating
2437 1 is thinking
2438 2 is sleeping
2438 3 is thinking
2438 3 has taken a fork
2438 4 is sleeping
2439 3 has taken a fork
2439 3 is eating
2439 1 has taken a fork
2439 1 has taken a fork
2439 1 is eating
2639 2 is thinking
2640 4 is thinking
2640 3 is sleeping
2640 2 has taken a fork
2641 1 is sleeping
2641 4 has taken a fork
2641 4 has taken a fork
2641 4 is eating
2641 2 has taken a fork
2641 2 is eating
2842 3 is thinking
2842 1 is thinking
2843 4 is sleeping
2843 1 has taken a fork
2843 1 has taken a fork
2843 1 is eating
2843 2 is sleeping
2843 3 has taken a fork
2844 3 has taken a fork
2844 3 is eating
3044 4 is thinking
3045 4 has taken a fork
3045 1 is sleeping
3045 2 is thinking
3045 3 is sleeping
3046 2 has taken a fork
3046 2 has taken a fork
3046 2 is eating
3046 4 has taken a fork
3046 4 is eating
3246 1 is thinking
3247 3 is thinking
3247 2 is sleeping
3247 3 has taken a fork
3248 4 is sleeping
3248 1 has taken a fork
3248 1 has taken a fork
3248 1 is eating
3248 3 has taken a fork
3248 3 is eating
3448 2 is thinking
3448 4 is thinking
3448 1 is sleeping
3448 4 has taken a fork
3449 3 is sleeping
3449 2 has taken a fork
3449 2 has taken a fork
3449 2 is eating
3449 4 has taken a fork
3449 4 is eating
3649 1 is thinking
3650 3 is thinking
3651 2 is sleeping
3651 3 has taken a fork
3651 4 is sleeping
3651 3 has taken a fork
3651 3 is eating
3651 1 has taken a fork
3651 1 has taken a fork
3652 1 is eating
3852 2 is thinking
3852 4 is thinking
3853 3 is sleeping
3853 2 has taken a fork
3853 1 is sleeping
3854 2 has taken a fork
3854 2 is eating
3854 4 has taken a fork
3854 4 has taken a fork
3854 4 is eating
4054 3 is thinking
4055 1 is thinking
4055 2 is sleeping
4055 3 has taken a fork
==1237376== 
==1237376== Use --history-level=approx or =none to gain increased speed, at
==1237376== the cost of reduced accuracy of conflicting-access information
==1237376== For lists of detected and suppressed errors, rerun with: -s
==1237376== ERROR SUMMARY: 0 errors from 0 contexts (suppressed: 129474 from 213)
